favoriteapps/build/intermediates/manifest_merge_blame_file/debug/manifest-merger-blame-debug-report.txt
1<?xml version="1.0" encoding="utf-8"?>
2<manifest xmlns:android="http://schemas.android.com/apk/res/android"
3    package="com.amary.app.data.favoriteapps"
4    android:versionCode="1"
5    android:versionName="1.0" >
6
7    <uses-sdk
8        android:minSdkVersion="21"
8-->src/main/AndroidManifest.xml
9        android:targetSdkVersion="29" />
9-->src/main/AndroidManifest.xml
10
11    <uses-permission android:name="android.permission.INTERNET" />
11-->src/main/AndroidManifest.xml:6:5-66
11-->src/main/AndroidManifest.xml:6:22-64
12    <uses-permission android:name="com.amary.app.data.moviecat.provider.READ_WRITE" />
12-->src/main/AndroidManifest.xml:7:5-86
12-->src/main/AndroidManifest.xml:7:22-84
13
14    <application
14-->src/main/AndroidManifest.xml:9:5-23:19
15        android:allowBackup="true"
15-->src/main/AndroidManifest.xml:10:9-35
16        android:appComponentFactory="androidx.core.app.CoreComponentFactory"
16-->[androidx.core:core:1.1.0] AndroidManifest.xml:24:18-86
17        android:debuggable="true"
18        android:icon="@mipmap/ic_launcher"
18-->src/main/AndroidManifest.xml:11:9-43
19        android:label="@string/app_name"
19-->src/main/AndroidManifest.xml:12:9-41
20        android:roundIcon="@mipmap/ic_launcher_round"
20-->src/main/AndroidManifest.xml:13:9-54
21        android:supportsRtl="true"
21-->src/main/AndroidManifest.xml:14:9-35
22        android:theme="@style/AppTheme" >
22-->src/main/AndroidManifest.xml:15:9-40
23        <activity android:name="com.amary.app.data.favoriteapps.MainActivity" >
23-->src/main/AndroidManifest.xml:17:9-22:20
23-->src/main/AndroidManifest.xml:17:19-47
24            <intent-filter>
24-->src/main/AndroidManifest.xml:18:13-21:29
25                <action android:name="android.intent.action.MAIN" />
25-->src/main/AndroidManifest.xml:19:17-69
25-->src/main/AndroidManifest.xml:19:25-66
26
27                <category android:name="android.intent.category.LAUNCHER" />
27-->src/main/AndroidManifest.xml:20:17-77
27-->src/main/AndroidManifest.xml:20:27-74
28            </intent-filter>
29        </activity>
30
31        <provider
31-->[com.squareup.picasso:picasso:2.71828] AndroidManifest.xml:8:9-11:40
32            android:name="com.squareup.picasso.PicassoProvider"
32-->[com.squareup.picasso:picasso:2.71828] AndroidManifest.xml:9:13-64
33            android:authorities="com.amary.app.data.favoriteapps.com.squareup.picasso"
33-->[com.squareup.picasso:picasso:2.71828] AndroidManifest.xml:10:13-72
34            android:exported="false" />
34-->[com.squareup.picasso:picasso:2.71828] AndroidManifest.xml:11:13-37
35        <provider
35-->[androidx.lifecycle:lifecycle-process:2.2.0] AndroidManifest.xml:25:9-29:43
36            android:name="androidx.lifecycle.ProcessLifecycleOwnerInitializer"
36-->[androidx.lifecycle:lifecycle-process:2.2.0] AndroidManifest.xml:26:13-79
37            android:authorities="com.amary.app.data.favoriteapps.lifecycle-process"
37-->[androidx.lifecycle:lifecycle-process:2.2.0] AndroidManifest.xml:27:13-69
38            android:exported="false"
38-->[androidx.lifecycle:lifecycle-process:2.2.0] AndroidManifest.xml:28:13-37
39            android:multiprocess="true" />
39-->[androidx.lifecycle:lifecycle-process:2.2.0] AndroidManifest.xml:29:13-40
40    </application>
41
42</manifest>